{"@timestamp":"2024-12-19T15:02:28.364+05:30","@version":"1","message":"Starting DiscoveryServiceApplication using Java 17.0.12 with PID 2132 (C:\\Users\\admin\\Downloads\\discovery-service\\target\\classes started by admin in C:\\Users\\admin\\Downloads\\discovery-service)","logger_name":"com.ecp.ds.DiscoveryServiceApplication","thread_name":"main","level":"INFO","level_value":20000}
{"@timestamp":"2024-12-19T15:02:28.403+05:30","@version":"1","message":"No active profile set, falling back to 1 default profile: \"default\"","logger_name":"com.ecp.ds.DiscoveryServiceApplication","thread_name":"main","level":"INFO","level_value":20000}
{"@timestamp":"2024-12-19T15:02:30.394+05:30","@version":"1","message":"BeanFactory id=d5359ee4-fa12-397a-a87c-e47e1231700e","logger_name":"org.springframework.cloud.context.scope.GenericScope","thread_name":"main","level":"INFO","level_value":20000}
{"@timestamp":"2024-12-19T15:02:30.985+05:30","@version":"1","message":"Tomcat initialized with port 8761 (http)","logger_name":"org.springframework.boot.web.embedded.tomcat.TomcatWebServer","thread_name":"main","level":"INFO","level_value":20000}
{"@timestamp":"2024-12-19T15:02:31.001+05:30","@version":"1","message":"Initializing ProtocolHandler [\"http-nio-8761\"]","logger_name":"org.apache.coyote.http11.Http11NioProtocol","thread_name":"main","level":"INFO","level_value":20000}
{"@timestamp":"2024-12-19T15:02:31.005+05:30","@version":"1","message":"Starting service [Tomcat]","logger_name":"org.apache.catalina.core.StandardService","thread_name":"main","level":"INFO","level_value":20000}
{"@timestamp":"2024-12-19T15:02:31.005+05:30","@version":"1","message":"Starting Servlet engine: [Apache Tomcat/10.1.33]","logger_name":"org.apache.catalina.core.StandardEngine","thread_name":"main","level":"INFO","level_value":20000}
{"@timestamp":"2024-12-19T15:02:31.127+05:30","@version":"1","message":"Initializing Spring embedded WebApplicationContext","logger_name":"org.apache.catalina.core.ContainerBase.[Tomcat].[localhost].[/]","thread_name":"main","level":"INFO","level_value":20000}
{"@timestamp":"2024-12-19T15:02:31.128+05:30","@version":"1","message":"Root WebApplicationContext: initialization completed in 2622 ms","logger_name":"org.springframework.boot.web.servlet.context.ServletWebServerApplicationContext","thread_name":"main","level":"INFO","level_value":20000}
{"@timestamp":"2024-12-19T15:02:32.702+05:30","@version":"1","message":"Using JSON encoding codec LegacyJacksonJson","logger_name":"com.netflix.discovery.provider.DiscoveryJerseyProvider","thread_name":"main","level":"INFO","level_value":20000}
{"@timestamp":"2024-12-19T15:02:32.709+05:30","@version":"1","message":"Using JSON decoding codec LegacyJacksonJson","logger_name":"com.netflix.discovery.provider.DiscoveryJerseyProvider","thread_name":"main","level":"INFO","level_value":20000}
{"@timestamp":"2024-12-19T15:02:33.025+05:30","@version":"1","message":"Using XML encoding codec XStreamXml","logger_name":"com.netflix.discovery.provider.DiscoveryJerseyProvider","thread_name":"main","level":"INFO","level_value":20000}
{"@timestamp":"2024-12-19T15:02:33.025+05:30","@version":"1","message":"Using XML decoding codec XStreamXml","logger_name":"com.netflix.discovery.provider.DiscoveryJerseyProvider","thread_name":"main","level":"INFO","level_value":20000}
{"@timestamp":"2024-12-19T15:02:34.895+05:30","@version":"1","message":"Spring Cloud LoadBalancer is currently working with the default cache. While this cache implementation is useful for development and tests, it's recommended to use Caffeine cache in production.You can switch to using Caffeine cache, by adding it and org.springframework.cache.caffeine.CaffeineCacheManager to the classpath.","logger_name":"org.springframework.cloud.loadbalancer.config.LoadBalancerCacheAutoConfiguration$LoadBalancerCaffeineWarnLogger","thread_name":"main","level":"WARN","level_value":30000}
{"@timestamp":"2024-12-19T15:02:34.926+05:30","@version":"1","message":"Setting initial instance status as: STARTING","logger_name":"org.springframework.cloud.netflix.eureka.InstanceInfoFactory","thread_name":"main","level":"INFO","level_value":20000}
{"@timestamp":"2024-12-19T15:02:34.976+05:30","@version":"1","message":"Initializing Eureka in region us-east-1","logger_name":"com.netflix.discovery.DiscoveryClient","thread_name":"main","level":"INFO","level_value":20000}
{"@timestamp":"2024-12-19T15:02:34.977+05:30","@version":"1","message":"Client configured to neither register nor query for data.","logger_name":"com.netflix.discovery.DiscoveryClient","thread_name":"main","level":"INFO","level_value":20000}
{"@timestamp":"2024-12-19T15:02:34.983+05:30","@version":"1","message":"Discovery Client initialized at timestamp 1734600754980 with initial instances count: 0","logger_name":"com.netflix.discovery.DiscoveryClient","thread_name":"main","level":"INFO","level_value":20000}
{"@timestamp":"2024-12-19T15:02:35.084+05:30","@version":"1","message":"Initializing ...","logger_name":"com.netflix.eureka.DefaultEurekaServerContext","thread_name":"main","level":"INFO","level_value":20000}
{"@timestamp":"2024-12-19T15:02:35.088+05:30","@version":"1","message":"Adding new peer nodes [http://localhost:8761/eureka/]","logger_name":"com.netflix.eureka.cluster.PeerEurekaNodes","thread_name":"main","level":"INFO","level_value":20000}
{"@timestamp":"2024-12-19T15:02:35.265+05:30","@version":"1","message":"Using JSON encoding codec LegacyJacksonJson","logger_name":"com.netflix.discovery.provider.DiscoveryJerseyProvider","thread_name":"main","level":"INFO","level_value":20000}
{"@timestamp":"2024-12-19T15:02:35.266+05:30","@version":"1","message":"Using JSON decoding codec LegacyJacksonJson","logger_name":"com.netflix.discovery.provider.DiscoveryJerseyProvider","thread_name":"main","level":"INFO","level_value":20000}
{"@timestamp":"2024-12-19T15:02:35.267+05:30","@version":"1","message":"Using XML encoding codec XStreamXml","logger_name":"com.netflix.discovery.provider.DiscoveryJerseyProvider","thread_name":"main","level":"INFO","level_value":20000}
{"@timestamp":"2024-12-19T15:02:35.267+05:30","@version":"1","message":"Using XML decoding codec XStreamXml","logger_name":"com.netflix.discovery.provider.DiscoveryJerseyProvider","thread_name":"main","level":"INFO","level_value":20000}
{"@timestamp":"2024-12-19T15:02:35.34+05:30","@version":"1","message":"Replica node URL:  http://localhost:8761/eureka/","logger_name":"com.netflix.eureka.cluster.PeerEurekaNodes","thread_name":"main","level":"INFO","level_value":20000}
{"@timestamp":"2024-12-19T15:02:35.358+05:30","@version":"1","message":"Finished initializing remote region registries. All known remote regions: []","logger_name":"com.netflix.eureka.registry.AbstractInstanceRegistry","thread_name":"main","level":"INFO","level_value":20000}
{"@timestamp":"2024-12-19T15:02:35.358+05:30","@version":"1","message":"Initialized","logger_name":"com.netflix.eureka.DefaultEurekaServerContext","thread_name":"main","level":"INFO","level_value":20000}
{"@timestamp":"2024-12-19T15:02:35.372+05:30","@version":"1","message":"Exposing 1 endpoint beneath base path '/actuator'","logger_name":"org.springframework.boot.actuate.endpoint.web.EndpointLinksResolver","thread_name":"main","level":"INFO","level_value":20000}
{"@timestamp":"2024-12-19T15:02:35.453+05:30","@version":"1","message":"Registering application DISCOVERY-SERVICE with eureka with status UP","logger_name":"org.springframework.cloud.netflix.eureka.serviceregistry.EurekaServiceRegistry","thread_name":"main","level":"INFO","level_value":20000}
{"@timestamp":"2024-12-19T15:02:35.456+05:30","@version":"1","message":"Starting ProtocolHandler [\"http-nio-8761\"]","logger_name":"org.apache.coyote.http11.Http11NioProtocol","thread_name":"main","level":"INFO","level_value":20000}
{"@timestamp":"2024-12-19T15:02:35.476+05:30","@version":"1","message":"isAws returned false","logger_name":"org.springframework.cloud.netflix.eureka.server.EurekaServerBootstrap","thread_name":"Thread-9","level":"INFO","level_value":20000}
{"@timestamp":"2024-12-19T15:02:35.477+05:30","@version":"1","message":"Initialized server context","logger_name":"org.springframework.cloud.netflix.eureka.server.EurekaServerBootstrap","thread_name":"Thread-9","level":"INFO","level_value":20000}
{"@timestamp":"2024-12-19T15:02:35.478+05:30","@version":"1","message":"Got 1 instances from neighboring DS node","logger_name":"com.netflix.eureka.registry.PeerAwareInstanceRegistryImpl","thread_name":"Thread-9","level":"INFO","level_value":20000}
{"@timestamp":"2024-12-19T15:02:35.478+05:30","@version":"1","message":"Renew threshold is: 1","logger_name":"com.netflix.eureka.registry.PeerAwareInstanceRegistryImpl","thread_name":"Thread-9","level":"INFO","level_value":20000}
{"@timestamp":"2024-12-19T15:02:35.479+05:30","@version":"1","message":"Changing status to UP","logger_name":"com.netflix.eureka.registry.PeerAwareInstanceRegistryImpl","thread_name":"Thread-9","level":"INFO","level_value":20000}
{"@timestamp":"2024-12-19T15:02:35.485+05:30","@version":"1","message":"Started Eureka Server","logger_name":"org.springframework.cloud.netflix.eureka.server.EurekaServerInitializerConfiguration","thread_name":"Thread-9","level":"INFO","level_value":20000}
{"@timestamp":"2024-12-19T15:02:35.502+05:30","@version":"1","message":"Tomcat started on port 8761 (http) with context path '/'","logger_name":"org.springframework.boot.web.embedded.tomcat.TomcatWebServer","thread_name":"main","level":"INFO","level_value":20000}
{"@timestamp":"2024-12-19T15:02:35.503+05:30","@version":"1","message":"Updating port to 8761","logger_name":"org.springframework.cloud.netflix.eureka.serviceregistry.EurekaAutoServiceRegistration","thread_name":"main","level":"INFO","level_value":20000}
{"@timestamp":"2024-12-19T15:02:35.726+05:30","@version":"1","message":"Started DiscoveryServiceApplication in 8.158 seconds (process running for 9.736)","logger_name":"com.ecp.ds.DiscoveryServiceApplication","thread_name":"main","level":"INFO","level_value":20000}
{"@timestamp":"2024-12-19T15:03:35.482+05:30","@version":"1","message":"Running the evict task with compensationTime 0ms","logger_name":"com.netflix.eureka.registry.AbstractInstanceRegistry","thread_name":"Eureka-EvictionTimer","level":"INFO","level_value":20000}
{"@timestamp":"2024-12-19T15:03:41.257+05:30","@version":"1","message":"Initializing Spring DispatcherServlet 'dispatcherServlet'","logger_name":"org.apache.catalina.core.ContainerBase.[Tomcat].[localhost].[/]","thread_name":"http-nio-8761-exec-1","level":"INFO","level_value":20000}
{"@timestamp":"2024-12-19T15:03:41.257+05:30","@version":"1","message":"Initializing Servlet 'dispatcherServlet'","logger_name":"org.springframework.web.servlet.DispatcherServlet","thread_name":"http-nio-8761-exec-1","level":"INFO","level_value":20000}
{"@timestamp":"2024-12-19T15:03:41.259+05:30","@version":"1","message":"Completed initialization in 1 ms","logger_name":"org.springframework.web.servlet.DispatcherServlet","thread_name":"http-nio-8761-exec-1","level":"INFO","level_value":20000}
{"@timestamp":"2024-12-19T15:04:35.492+05:30","@version":"1","message":"Running the evict task with compensationTime 10ms","logger_name":"com.netflix.eureka.registry.AbstractInstanceRegistry","thread_name":"Eureka-EvictionTimer","level":"INFO","level_value":20000}
{"@timestamp":"2024-12-19T15:05:35.495+05:30","@version":"1","message":"Running the evict task with compensationTime 2ms","logger_name":"com.netflix.eureka.registry.AbstractInstanceRegistry","thread_name":"Eureka-EvictionTimer","level":"INFO","level_value":20000}
{"@timestamp":"2024-12-19T15:06:35.495+05:30","@version":"1","message":"Running the evict task with compensationTime 0ms","logger_name":"com.netflix.eureka.registry.AbstractInstanceRegistry","thread_name":"Eureka-EvictionTimer","level":"INFO","level_value":20000}
{"@timestamp":"2024-12-19T15:07:17.189+05:30","@version":"1","message":"Unregistering application DISCOVERY-SERVICE with eureka with status DOWN","logger_name":"org.springframework.cloud.netflix.eureka.serviceregistry.EurekaServiceRegistry","thread_name":"SpringApplicationShutdownHook","level":"INFO","level_value":20000}
{"@timestamp":"2024-12-19T15:07:17.193+05:30","@version":"1","message":"Commencing graceful shutdown. Waiting for active requests to complete","logger_name":"org.springframework.boot.web.embedded.tomcat.GracefulShutdown","thread_name":"SpringApplicationShutdownHook","level":"INFO","level_value":20000}
{"@timestamp":"2024-12-19T15:07:17.229+05:30","@version":"1","message":"Graceful shutdown complete","logger_name":"org.springframework.boot.web.embedded.tomcat.GracefulShutdown","thread_name":"tomcat-shutdown","level":"INFO","level_value":20000}
{"@timestamp":"2024-12-19T15:07:17.232+05:30","@version":"1","message":"Shutting down Eureka Server..","logger_name":"org.springframework.cloud.netflix.eureka.server.EurekaServerBootstrap","thread_name":"SpringApplicationShutdownHook","level":"INFO","level_value":20000}
{"@timestamp":"2024-12-19T15:07:17.232+05:30","@version":"1","message":"Shutting down ...","logger_name":"com.netflix.eureka.DefaultEurekaServerContext","thread_name":"SpringApplicationShutdownHook","level":"INFO","level_value":20000}
{"@timestamp":"2024-12-19T15:07:17.233+05:30","@version":"1","message":"Shut down","logger_name":"com.netflix.eureka.DefaultEurekaServerContext","thread_name":"SpringApplicationShutdownHook","level":"INFO","level_value":20000}
{"@timestamp":"2024-12-19T15:07:17.237+05:30","@version":"1","message":"Eureka Service is now shutdown...","logger_name":"org.springframework.cloud.netflix.eureka.server.EurekaServerBootstrap","thread_name":"SpringApplicationShutdownHook","level":"INFO","level_value":20000}
{"@timestamp":"2024-12-19T15:07:17.238+05:30","@version":"1","message":"Shutting down ...","logger_name":"com.netflix.eureka.DefaultEurekaServerContext","thread_name":"SpringApplicationShutdownHook","level":"INFO","level_value":20000}
{"@timestamp":"2024-12-19T15:07:17.238+05:30","@version":"1","message":"Shut down","logger_name":"com.netflix.eureka.DefaultEurekaServerContext","thread_name":"SpringApplicationShutdownHook","level":"INFO","level_value":20000}
{"@timestamp":"2024-12-19T15:07:17.242+05:30","@version":"1","message":"Shutting down DiscoveryClient ...","logger_name":"com.netflix.discovery.DiscoveryClient","thread_name":"SpringApplicationShutdownHook","level":"INFO","level_value":20000}
{"@timestamp":"2024-12-19T15:07:17.242+05:30","@version":"1","message":"Completed shut down of DiscoveryClient","logger_name":"com.netflix.discovery.DiscoveryClient","thread_name":"SpringApplicationShutdownHook","level":"INFO","level_value":20000}
{"@timestamp":"2024-12-19T15:07:17.237+05:30","@version":"1","message":"Cannot clean connections","logger_name":"com.netflix.discovery.shared.transport.jersey3.EurekaJersey3ClientImpl","thread_name":"Eureka-Jersey3Client-Conn-Cleaner2","level":"ERROR","level_value":40000,"stack_trace":"java.lang.IllegalStateException: Client instance has been closed.\r\n\tat org.glassfish.jersey.internal.guava.Preconditions.checkState(Preconditions.java:169)\r\n\tat org.glassfish.jersey.client.JerseyClient.checkNotClosed(JerseyClient.java:248)\r\n\tat org.glassfish.jersey.client.JerseyClient.getConfiguration(JerseyClient.java:363)\r\n\tat org.glassfish.jersey.client.JerseyClient.getConfiguration(JerseyClient.java:54)\r\n\tat com.netflix.discovery.shared.transport.jersey3.EurekaJersey3ClientImpl$ConnectionCleanerTask.run(EurekaJersey3ClientImpl.java:338)\r\n\tat java.base/java.util.concurrent.Executors$RunnableAdapter.call(Executors.java:539)\r\n\tat java.base/java.util.concurrent.FutureTask.run(FutureTask.java:264)\r\n\tat java.base/java.util.concurrent.ScheduledThreadPoolExecutor$ScheduledFutureTask.run(ScheduledThreadPoolExecutor.java:304)\r\n\tat java.base/java.util.concurrent.ThreadPoolExecutor.runWorker(ThreadPoolExecutor.java:1136)\r\n\tat java.base/java.util.concurrent.ThreadPoolExecutor$Worker.run(ThreadPoolExecutor.java:635)\r\n\tat java.base/java.lang.Thread.run(Thread.java:842)\r\n"}
{"@timestamp":"2024-12-19T15:16:57.214+05:30","@version":"1","message":"Starting DiscoveryServiceApplication using Java 17.0.12 with PID 17396 (C:\\Users\\admin\\Downloads\\discovery-service\\target\\classes started by admin in C:\\Users\\admin\\Downloads\\discovery-service)","logger_name":"com.ecp.ds.DiscoveryServiceApplication","thread_name":"main","level":"INFO","level_value":20000}
{"@timestamp":"2024-12-19T15:16:57.235+05:30","@version":"1","message":"No active profile set, falling back to 1 default profile: \"default\"","logger_name":"com.ecp.ds.DiscoveryServiceApplication","thread_name":"main","level":"INFO","level_value":20000}
{"@timestamp":"2024-12-19T15:16:59.062+05:30","@version":"1","message":"Tomcat initialized with port 8761 (http)","logger_name":"org.springframework.boot.web.embedded.tomcat.TomcatWebServer","thread_name":"main","level":"INFO","level_value":20000}
{"@timestamp":"2024-12-19T15:16:59.077+05:30","@version":"1","message":"Initializing ProtocolHandler [\"http-nio-8761\"]","logger_name":"org.apache.coyote.http11.Http11NioProtocol","thread_name":"main","level":"INFO","level_value":20000}
{"@timestamp":"2024-12-19T15:16:59.077+05:30","@version":"1","message":"Starting service [Tomcat]","logger_name":"org.apache.catalina.core.StandardService","thread_name":"main","level":"INFO","level_value":20000}
{"@timestamp":"2024-12-19T15:16:59.077+05:30","@version":"1","message":"Starting Servlet engine: [Apache Tomcat/10.1.25]","logger_name":"org.apache.catalina.core.StandardEngine","thread_name":"main","level":"INFO","level_value":20000}
{"@timestamp":"2024-12-19T15:16:59.234+05:30","@version":"1","message":"Initializing Spring embedded WebApplicationContext","logger_name":"org.apache.catalina.core.ContainerBase.[Tomcat].[localhost].[/]","thread_name":"main","level":"INFO","level_value":20000}
{"@timestamp":"2024-12-19T15:16:59.234+05:30","@version":"1","message":"Root WebApplicationContext: initialization completed in 1923 ms","logger_name":"org.springframework.boot.web.servlet.context.ServletWebServerApplicationContext","thread_name":"main","level":"INFO","level_value":20000}
{"@timestamp":"2024-12-19T15:17:00.469+05:30","@version":"1","message":"Exposing 1 endpoint beneath base path '/actuator'","logger_name":"org.springframework.boot.actuate.endpoint.web.EndpointLinksResolver","thread_name":"main","level":"INFO","level_value":20000}
{"@timestamp":"2024-12-19T15:17:00.547+05:30","@version":"1","message":"Starting ProtocolHandler [\"http-nio-8761\"]","logger_name":"org.apache.coyote.http11.Http11NioProtocol","thread_name":"main","level":"INFO","level_value":20000}
{"@timestamp":"2024-12-19T15:17:00.578+05:30","@version":"1","message":"Tomcat started on port 8761 (http) with context path '/'","logger_name":"org.springframework.boot.web.embedded.tomcat.TomcatWebServer","thread_name":"main","level":"INFO","level_value":20000}
{"@timestamp":"2024-12-19T15:17:00.61+05:30","@version":"1","message":"Started DiscoveryServiceApplication in 4.232 seconds (process running for 5.436)","logger_name":"com.ecp.ds.DiscoveryServiceApplication","thread_name":"main","level":"INFO","level_value":20000}
{"@timestamp":"2024-12-19T15:18:53.958+05:30","@version":"1","message":"Starting DiscoveryServiceApplication using Java 17.0.12 with PID 16084 (C:\\Users\\admin\\Downloads\\discovery-service\\target\\classes started by admin in C:\\Users\\admin\\Downloads\\discovery-service)","logger_name":"com.ecp.ds.DiscoveryServiceApplication","thread_name":"main","level":"INFO","level_value":20000}
{"@timestamp":"2024-12-19T15:18:53.977+05:30","@version":"1","message":"No active profile set, falling back to 1 default profile: \"default\"","logger_name":"com.ecp.ds.DiscoveryServiceApplication","thread_name":"main","level":"INFO","level_value":20000}
{"@timestamp":"2024-12-19T15:18:55.738+05:30","@version":"1","message":"BeanFactory id=39fe8773-6b95-3749-8a98-f1e22d3d0789","logger_name":"org.springframework.cloud.context.scope.GenericScope","thread_name":"main","level":"INFO","level_value":20000}
{"@timestamp":"2024-12-19T15:18:56.224+05:30","@version":"1","message":"Tomcat initialized with port 8761 (http)","logger_name":"org.springframework.boot.web.embedded.tomcat.TomcatWebServer","thread_name":"main","level":"INFO","level_value":20000}
{"@timestamp":"2024-12-19T15:18:56.235+05:30","@version":"1","message":"Initializing ProtocolHandler [\"http-nio-8761\"]","logger_name":"org.apache.coyote.http11.Http11NioProtocol","thread_name":"main","level":"INFO","level_value":20000}
{"@timestamp":"2024-12-19T15:18:56.239+05:30","@version":"1","message":"Starting service [Tomcat]","logger_name":"org.apache.catalina.core.StandardService","thread_name":"main","level":"INFO","level_value":20000}
{"@timestamp":"2024-12-19T15:18:56.24+05:30","@version":"1","message":"Starting Servlet engine: [Apache Tomcat/10.1.25]","logger_name":"org.apache.catalina.core.StandardEngine","thread_name":"main","level":"INFO","level_value":20000}
{"@timestamp":"2024-12-19T15:18:56.347+05:30","@version":"1","message":"Initializing Spring embedded WebApplicationContext","logger_name":"org.apache.catalina.core.ContainerBase.[Tomcat].[localhost].[/]","thread_name":"main","level":"INFO","level_value":20000}
{"@timestamp":"2024-12-19T15:18:56.348+05:30","@version":"1","message":"Root WebApplicationContext: initialization completed in 2290 ms","logger_name":"org.springframework.boot.web.servlet.context.ServletWebServerApplicationContext","thread_name":"main","level":"INFO","level_value":20000}
{"@timestamp":"2024-12-19T15:18:57.82+05:30","@version":"1","message":"Using JSON encoding codec LegacyJacksonJson","logger_name":"com.netflix.discovery.provider.DiscoveryJerseyProvider","thread_name":"main","level":"INFO","level_value":20000}
{"@timestamp":"2024-12-19T15:18:57.822+05:30","@version":"1","message":"Using JSON decoding codec LegacyJacksonJson","logger_name":"com.netflix.discovery.provider.DiscoveryJerseyProvider","thread_name":"main","level":"INFO","level_value":20000}
{"@timestamp":"2024-12-19T15:18:58.137+05:30","@version":"1","message":"Using XML encoding codec XStreamXml","logger_name":"com.netflix.discovery.provider.DiscoveryJerseyProvider","thread_name":"main","level":"INFO","level_value":20000}
{"@timestamp":"2024-12-19T15:18:58.138+05:30","@version":"1","message":"Using XML decoding codec XStreamXml","logger_name":"com.netflix.discovery.provider.DiscoveryJerseyProvider","thread_name":"main","level":"INFO","level_value":20000}
{"@timestamp":"2024-12-19T15:18:59.792+05:30","@version":"1","message":"Exception encountered during context initialization - cancelling refresh attempt: org.springframework.beans.factory.BeanCreationException: Error creating bean with name 'compositeCompatibilityVerifier' defined in class path resource [org/springframework/cloud/configuration/CompatibilityVerifierAutoConfiguration.class]: Failed to instantiate [org.springframework.cloud.configuration.CompositeCompatibilityVerifier]: Factory method 'compositeCompatibilityVerifier' threw exception with message: Spring Cloud/ Spring Boot version compatibility checks have failed: [[VerificationResult@34588991 description = 'Spring Boot [3.3.1] is not compatible with this Spring Cloud release train', action = 'Change Spring Boot version to one of the following versions [3.4.x] .\nYou can find the latest Spring Boot versions here [https://spring.io/projects/spring-boot#learn]. \nIf you want to learn more about the Spring Cloud Release train compatibility, you can visit this page [https://spring.io/projects/spring-cloud#overview] and check the [Release Trains] section.\nIf you want to disable this check, just set the property [spring.cloud.compatibility-verifier.enabled=false]']]","logger_name":"org.springframework.boot.web.servlet.context.AnnotationConfigServletWebServerApplicationContext","thread_name":"main","level":"WARN","level_value":30000}
{"@timestamp":"2024-12-19T15:18:59.805+05:30","@version":"1","message":"Stopping service [Tomcat]","logger_name":"org.apache.catalina.core.StandardService","thread_name":"main","level":"INFO","level_value":20000}
{"@timestamp":"2024-12-19T15:18:59.853+05:30","@version":"1","message":"\r\n\r\nError starting ApplicationContext. To display the condition evaluation report re-run your application with 'debug' enabled.","logger_name":"org.springframework.boot.autoconfigure.logging.ConditionEvaluationReportLogger","thread_name":"main","level":"INFO","level_value":20000}
{"@timestamp":"2024-12-19T15:18:59.886+05:30","@version":"1","message":"\r\n\r\n***************************\r\nAPPLICATION FAILED TO START\r\n***************************\r\n\r\nDescription:\r\n\r\nYour project setup is incompatible with our requirements due to following reasons:\n\n- Spring Boot [3.3.1] is not compatible with this Spring Cloud release train\n\r\n\r\nAction:\r\n\r\nConsider applying the following actions:\n\n- Change Spring Boot version to one of the following versions [3.4.x] .\nYou can find the latest Spring Boot versions here [https://spring.io/projects/spring-boot#learn]. \nIf you want to learn more about the Spring Cloud Release train compatibility, you can visit this page [https://spring.io/projects/spring-cloud#overview] and check the [Release Trains] section.\nIf you want to disable this check, just set the property [spring.cloud.compatibility-verifier.enabled=false]\n\r\n","logger_name":"org.springframework.boot.diagnostics.LoggingFailureAnalysisReporter","thread_name":"main","level":"ERROR","level_value":40000}
{"@timestamp":"2024-12-19T15:19:34.788+05:30","@version":"1","message":"Starting DiscoveryServiceApplication using Java 17.0.12 with PID 8220 (C:\\Users\\admin\\Downloads\\discovery-service\\target\\classes started by admin in C:\\Users\\admin\\Downloads\\discovery-service)","logger_name":"com.ecp.ds.DiscoveryServiceApplication","thread_name":"main","level":"INFO","level_value":20000}
{"@timestamp":"2024-12-19T15:19:34.808+05:30","@version":"1","message":"No active profile set, falling back to 1 default profile: \"default\"","logger_name":"com.ecp.ds.DiscoveryServiceApplication","thread_name":"main","level":"INFO","level_value":20000}
{"@timestamp":"2024-12-19T15:19:36.69+05:30","@version":"1","message":"BeanFactory id=d5359ee4-fa12-397a-a87c-e47e1231700e","logger_name":"org.springframework.cloud.context.scope.GenericScope","thread_name":"main","level":"INFO","level_value":20000}
{"@timestamp":"2024-12-19T15:19:37.144+05:30","@version":"1","message":"Tomcat initialized with port 8761 (http)","logger_name":"org.springframework.boot.web.embedded.tomcat.TomcatWebServer","thread_name":"main","level":"INFO","level_value":20000}
{"@timestamp":"2024-12-19T15:19:37.156+05:30","@version":"1","message":"Initializing ProtocolHandler [\"http-nio-8761\"]","logger_name":"org.apache.coyote.http11.Http11NioProtocol","thread_name":"main","level":"INFO","level_value":20000}
{"@timestamp":"2024-12-19T15:19:37.159+05:30","@version":"1","message":"Starting service [Tomcat]","logger_name":"org.apache.catalina.core.StandardService","thread_name":"main","level":"INFO","level_value":20000}
{"@timestamp":"2024-12-19T15:19:37.16+05:30","@version":"1","message":"Starting Servlet engine: [Apache Tomcat/10.1.33]","logger_name":"org.apache.catalina.core.StandardEngine","thread_name":"main","level":"INFO","level_value":20000}
{"@timestamp":"2024-12-19T15:19:37.285+05:30","@version":"1","message":"Initializing Spring embedded WebApplicationContext","logger_name":"org.apache.catalina.core.ContainerBase.[Tomcat].[localhost].[/]","thread_name":"main","level":"INFO","level_value":20000}
{"@timestamp":"2024-12-19T15:19:37.286+05:30","@version":"1","message":"Root WebApplicationContext: initialization completed in 2413 ms","logger_name":"org.springframework.boot.web.servlet.context.ServletWebServerApplicationContext","thread_name":"main","level":"INFO","level_value":20000}
{"@timestamp":"2024-12-19T15:19:38.517+05:30","@version":"1","message":"Using JSON encoding codec LegacyJacksonJson","logger_name":"com.netflix.discovery.provider.DiscoveryJerseyProvider","thread_name":"main","level":"INFO","level_value":20000}
{"@timestamp":"2024-12-19T15:19:38.521+05:30","@version":"1","message":"Using JSON decoding codec LegacyJacksonJson","logger_name":"com.netflix.discovery.provider.DiscoveryJerseyProvider","thread_name":"main","level":"INFO","level_value":20000}
{"@timestamp":"2024-12-19T15:19:38.775+05:30","@version":"1","message":"Using XML encoding codec XStreamXml","logger_name":"com.netflix.discovery.provider.DiscoveryJerseyProvider","thread_name":"main","level":"INFO","level_value":20000}
{"@timestamp":"2024-12-19T15:19:38.776+05:30","@version":"1","message":"Using XML decoding codec XStreamXml","logger_name":"com.netflix.discovery.provider.DiscoveryJerseyProvider","thread_name":"main","level":"INFO","level_value":20000}
{"@timestamp":"2024-12-19T15:19:40.366+05:30","@version":"1","message":"Spring Cloud LoadBalancer is currently working with the default cache. While this cache implementation is useful for development and tests, it's recommended to use Caffeine cache in production.You can switch to using Caffeine cache, by adding it and org.springframework.cache.caffeine.CaffeineCacheManager to the classpath.","logger_name":"org.springframework.cloud.loadbalancer.config.LoadBalancerCacheAutoConfiguration$LoadBalancerCaffeineWarnLogger","thread_name":"main","level":"WARN","level_value":30000}
{"@timestamp":"2024-12-19T15:19:40.405+05:30","@version":"1","message":"Setting initial instance status as: STARTING","logger_name":"org.springframework.cloud.netflix.eureka.InstanceInfoFactory","thread_name":"main","level":"INFO","level_value":20000}
{"@timestamp":"2024-12-19T15:19:40.447+05:30","@version":"1","message":"Initializing Eureka in region us-east-1","logger_name":"com.netflix.discovery.DiscoveryClient","thread_name":"main","level":"INFO","level_value":20000}
{"@timestamp":"2024-12-19T15:19:40.448+05:30","@version":"1","message":"Client configured to neither register nor query for data.","logger_name":"com.netflix.discovery.DiscoveryClient","thread_name":"main","level":"INFO","level_value":20000}
{"@timestamp":"2024-12-19T15:19:40.453+05:30","@version":"1","message":"Discovery Client initialized at timestamp 1734601780452 with initial instances count: 0","logger_name":"com.netflix.discovery.DiscoveryClient","thread_name":"main","level":"INFO","level_value":20000}
{"@timestamp":"2024-12-19T15:19:40.518+05:30","@version":"1","message":"Initializing ...","logger_name":"com.netflix.eureka.DefaultEurekaServerContext","thread_name":"main","level":"INFO","level_value":20000}
{"@timestamp":"2024-12-19T15:19:40.52+05:30","@version":"1","message":"Adding new peer nodes [http://localhost:8761/eureka/]","logger_name":"com.netflix.eureka.cluster.PeerEurekaNodes","thread_name":"main","level":"INFO","level_value":20000}
{"@timestamp":"2024-12-19T15:19:40.685+05:30","@version":"1","message":"Using JSON encoding codec LegacyJacksonJson","logger_name":"com.netflix.discovery.provider.DiscoveryJerseyProvider","thread_name":"main","level":"INFO","level_value":20000}
{"@timestamp":"2024-12-19T15:19:40.686+05:30","@version":"1","message":"Using JSON decoding codec LegacyJacksonJson","logger_name":"com.netflix.discovery.provider.DiscoveryJerseyProvider","thread_name":"main","level":"INFO","level_value":20000}
{"@timestamp":"2024-12-19T15:19:40.686+05:30","@version":"1","message":"Using XML encoding codec XStreamXml","logger_name":"com.netflix.discovery.provider.DiscoveryJerseyProvider","thread_name":"main","level":"INFO","level_value":20000}
{"@timestamp":"2024-12-19T15:19:40.686+05:30","@version":"1","message":"Using XML decoding codec XStreamXml","logger_name":"com.netflix.discovery.provider.DiscoveryJerseyProvider","thread_name":"main","level":"INFO","level_value":20000}
{"@timestamp":"2024-12-19T15:19:40.773+05:30","@version":"1","message":"Replica node URL:  http://localhost:8761/eureka/","logger_name":"com.netflix.eureka.cluster.PeerEurekaNodes","thread_name":"main","level":"INFO","level_value":20000}
{"@timestamp":"2024-12-19T15:19:40.785+05:30","@version":"1","message":"Finished initializing remote region registries. All known remote regions: []","logger_name":"com.netflix.eureka.registry.AbstractInstanceRegistry","thread_name":"main","level":"INFO","level_value":20000}
{"@timestamp":"2024-12-19T15:19:40.786+05:30","@version":"1","message":"Initialized","logger_name":"com.netflix.eureka.DefaultEurekaServerContext","thread_name":"main","level":"INFO","level_value":20000}
{"@timestamp":"2024-12-19T15:19:40.803+05:30","@version":"1","message":"Exposing 1 endpoint beneath base path '/actuator'","logger_name":"org.springframework.boot.actuate.endpoint.web.EndpointLinksResolver","thread_name":"main","level":"INFO","level_value":20000}
{"@timestamp":"2024-12-19T15:19:40.866+05:30","@version":"1","message":"Registering application DISCOVERY-SERVICE with eureka with status UP","logger_name":"org.springframework.cloud.netflix.eureka.serviceregistry.EurekaServiceRegistry","thread_name":"main","level":"INFO","level_value":20000}
{"@timestamp":"2024-12-19T15:19:40.869+05:30","@version":"1","message":"Starting ProtocolHandler [\"http-nio-8761\"]","logger_name":"org.apache.coyote.http11.Http11NioProtocol","thread_name":"main","level":"INFO","level_value":20000}
{"@timestamp":"2024-12-19T15:19:40.883+05:30","@version":"1","message":"isAws returned false","logger_name":"org.springframework.cloud.netflix.eureka.server.EurekaServerBootstrap","thread_name":"Thread-9","level":"INFO","level_value":20000}
{"@timestamp":"2024-12-19T15:19:40.884+05:30","@version":"1","message":"Initialized server context","logger_name":"org.springframework.cloud.netflix.eureka.server.EurekaServerBootstrap","thread_name":"Thread-9","level":"INFO","level_value":20000}
{"@timestamp":"2024-12-19T15:19:40.884+05:30","@version":"1","message":"Got 1 instances from neighboring DS node","logger_name":"com.netflix.eureka.registry.PeerAwareInstanceRegistryImpl","thread_name":"Thread-9","level":"INFO","level_value":20000}
{"@timestamp":"2024-12-19T15:19:40.885+05:30","@version":"1","message":"Renew threshold is: 1","logger_name":"com.netflix.eureka.registry.PeerAwareInstanceRegistryImpl","thread_name":"Thread-9","level":"INFO","level_value":20000}
{"@timestamp":"2024-12-19T15:19:40.885+05:30","@version":"1","message":"Changing status to UP","logger_name":"com.netflix.eureka.registry.PeerAwareInstanceRegistryImpl","thread_name":"Thread-9","level":"INFO","level_value":20000}
{"@timestamp":"2024-12-19T15:19:40.889+05:30","@version":"1","message":"Started Eureka Server","logger_name":"org.springframework.cloud.netflix.eureka.server.EurekaServerInitializerConfiguration","thread_name":"Thread-9","level":"INFO","level_value":20000}
{"@timestamp":"2024-12-19T15:19:40.898+05:30","@version":"1","message":"Tomcat started on port 8761 (http) with context path '/'","logger_name":"org.springframework.boot.web.embedded.tomcat.TomcatWebServer","thread_name":"main","level":"INFO","level_value":20000}
{"@timestamp":"2024-12-19T15:19:40.9+05:30","@version":"1","message":"Updating port to 8761","logger_name":"org.springframework.cloud.netflix.eureka.serviceregistry.EurekaAutoServiceRegistration","thread_name":"main","level":"INFO","level_value":20000}
{"@timestamp":"2024-12-19T15:19:41.139+05:30","@version":"1","message":"Started DiscoveryServiceApplication in 7.025 seconds (process running for 8.504)","logger_name":"com.ecp.ds.DiscoveryServiceApplication","thread_name":"main","level":"INFO","level_value":20000}
{"@timestamp":"2024-12-19T15:20:40.886+05:30","@version":"1","message":"Running the evict task with compensationTime 0ms","logger_name":"com.netflix.eureka.registry.AbstractInstanceRegistry","thread_name":"Eureka-EvictionTimer","level":"INFO","level_value":20000}
{"@timestamp":"2024-12-19T15:21:40.894+05:30","@version":"1","message":"Running the evict task with compensationTime 8ms","logger_name":"com.netflix.eureka.registry.AbstractInstanceRegistry","thread_name":"Eureka-EvictionTimer","level":"INFO","level_value":20000}
{"@timestamp":"2024-12-19T15:22:11.835+05:30","@version":"1","message":"Initializing Spring DispatcherServlet 'dispatcherServlet'","logger_name":"org.apache.catalina.core.ContainerBase.[Tomcat].[localhost].[/]","thread_name":"http-nio-8761-exec-1","level":"INFO","level_value":20000}
{"@timestamp":"2024-12-19T15:22:11.835+05:30","@version":"1","message":"Initializing Servlet 'dispatcherServlet'","logger_name":"org.springframework.web.servlet.DispatcherServlet","thread_name":"http-nio-8761-exec-1","level":"INFO","level_value":20000}
{"@timestamp":"2024-12-19T15:22:11.835+05:30","@version":"1","message":"Completed initialization in 0 ms","logger_name":"org.springframework.web.servlet.DispatcherServlet","thread_name":"http-nio-8761-exec-1","level":"INFO","level_value":20000}
{"@timestamp":"2024-12-19T15:22:12.211+05:30","@version":"1","message":"Registered instance PRODUCT-SERVICE-APP/DESKTOP-Q38JE7U:product-service-app:9190 with status DOWN (replication=false)","logger_name":"com.netflix.eureka.registry.AbstractInstanceRegistry","thread_name":"http-nio-8761-exec-2","level":"INFO","level_value":20000}
{"@timestamp":"2024-12-19T15:22:12.23+05:30","@version":"1","message":"Registered instance PRODUCT-SERVICE-APP/DESKTOP-Q38JE7U:product-service-app:9190 with status DOWN (replication=false)","logger_name":"com.netflix.eureka.registry.AbstractInstanceRegistry","thread_name":"http-nio-8761-exec-3","level":"INFO","level_value":20000}
{"@timestamp":"2024-12-19T15:22:12.234+05:30","@version":"1","message":"Cancelled instance PRODUCT-SERVICE-APP/DESKTOP-Q38JE7U:product-service-app:9190 (replication=false)","logger_name":"com.netflix.eureka.registry.AbstractInstanceRegistry","thread_name":"http-nio-8761-exec-6","level":"INFO","level_value":20000}
{"@timestamp":"2024-12-19T15:22:12.969+05:30","@version":"1","message":"Registered instance PRODUCT-SERVICE-APP/DESKTOP-Q38JE7U:product-service-app:9190 with status DOWN (replication=true)","logger_name":"com.netflix.eureka.registry.AbstractInstanceRegistry","thread_name":"http-nio-8761-exec-7","level":"INFO","level_value":20000}
{"@timestamp":"2024-12-19T15:22:12.985+05:30","@version":"1","message":"Cancelled instance PRODUCT-SERVICE-APP/DESKTOP-Q38JE7U:product-service-app:9190 (replication=true)","logger_name":"com.netflix.eureka.registry.AbstractInstanceRegistry","thread_name":"http-nio-8761-exec-7","level":"INFO","level_value":20000}
{"@timestamp":"2024-12-19T15:22:40.907+05:30","@version":"1","message":"Running the evict task with compensationTime 12ms","logger_name":"com.netflix.eureka.registry.AbstractInstanceRegistry","thread_name":"Eureka-EvictionTimer","level":"INFO","level_value":20000}
{"@timestamp":"2024-12-19T15:22:42.585+05:30","@version":"1","message":"Registered instance PRODUCT-SERVICE-APP/DESKTOP-Q38JE7U:product-service-app:9190 with status UP (replication=false)","logger_name":"com.netflix.eureka.registry.AbstractInstanceRegistry","thread_name":"http-nio-8761-exec-1","level":"INFO","level_value":20000}
{"@timestamp":"2024-12-19T15:22:43.102+05:30","@version":"1","message":"Registered instance PRODUCT-SERVICE-APP/DESKTOP-Q38JE7U:product-service-app:9190 with status UP (replication=true)","logger_name":"com.netflix.eureka.registry.AbstractInstanceRegistry","thread_name":"http-nio-8761-exec-2","level":"INFO","level_value":20000}
{"@timestamp":"2024-12-19T15:23:40.908+05:30","@version":"1","message":"Running the evict task with compensationTime 1ms","logger_name":"com.netflix.eureka.registry.AbstractInstanceRegistry","thread_name":"Eureka-EvictionTimer","level":"INFO","level_value":20000}
{"@timestamp":"2024-12-19T15:24:40.917+05:30","@version":"1","message":"Running the evict task with compensationTime 8ms","logger_name":"com.netflix.eureka.registry.AbstractInstanceRegistry","thread_name":"Eureka-EvictionTimer","level":"INFO","level_value":20000}
{"@timestamp":"2024-12-19T15:25:40.923+05:30","@version":"1","message":"Running the evict task with compensationTime 6ms","logger_name":"com.netflix.eureka.registry.AbstractInstanceRegistry","thread_name":"Eureka-EvictionTimer","level":"INFO","level_value":20000}
{"@timestamp":"2024-12-19T15:26:40.93+05:30","@version":"1","message":"Running the evict task with compensationTime 6ms","logger_name":"com.netflix.eureka.registry.AbstractInstanceRegistry","thread_name":"Eureka-EvictionTimer","level":"INFO","level_value":20000}
{"@timestamp":"2024-12-19T15:27:40.938+05:30","@version":"1","message":"Running the evict task with compensationTime 7ms","logger_name":"com.netflix.eureka.registry.AbstractInstanceRegistry","thread_name":"Eureka-EvictionTimer","level":"INFO","level_value":20000}
{"@timestamp":"2024-12-19T15:28:40.946+05:30","@version":"1","message":"Running the evict task with compensationTime 8ms","logger_name":"com.netflix.eureka.registry.AbstractInstanceRegistry","thread_name":"Eureka-EvictionTimer","level":"INFO","level_value":20000}
{"@timestamp":"2024-12-19T15:29:27.716+05:30","@version":"1","message":"Unregistering application DISCOVERY-SERVICE with eureka with status DOWN","logger_name":"org.springframework.cloud.netflix.eureka.serviceregistry.EurekaServiceRegistry","thread_name":"SpringApplicationShutdownHook","level":"INFO","level_value":20000}
{"@timestamp":"2024-12-19T15:29:27.716+05:30","@version":"1","message":"Commencing graceful shutdown. Waiting for active requests to complete","logger_name":"org.springframework.boot.web.embedded.tomcat.GracefulShutdown","thread_name":"SpringApplicationShutdownHook","level":"INFO","level_value":20000}
{"@timestamp":"2024-12-19T15:29:27.748+05:30","@version":"1","message":"Graceful shutdown complete","logger_name":"org.springframework.boot.web.embedded.tomcat.GracefulShutdown","thread_name":"tomcat-shutdown","level":"INFO","level_value":20000}
{"@timestamp":"2024-12-19T15:29:27.748+05:30","@version":"1","message":"Shutting down Eureka Server..","logger_name":"org.springframework.cloud.netflix.eureka.server.EurekaServerBootstrap","thread_name":"SpringApplicationShutdownHook","level":"INFO","level_value":20000}
{"@timestamp":"2024-12-19T15:29:27.748+05:30","@version":"1","message":"Shutting down ...","logger_name":"com.netflix.eureka.DefaultEurekaServerContext","thread_name":"SpringApplicationShutdownHook","level":"INFO","level_value":20000}
{"@timestamp":"2024-12-19T15:29:27.763+05:30","@version":"1","message":"Shut down","logger_name":"com.netflix.eureka.DefaultEurekaServerContext","thread_name":"SpringApplicationShutdownHook","level":"INFO","level_value":20000}
{"@timestamp":"2024-12-19T15:29:27.763+05:30","@version":"1","message":"Eureka Service is now shutdown...","logger_name":"org.springframework.cloud.netflix.eureka.server.EurekaServerBootstrap","thread_name":"SpringApplicationShutdownHook","level":"INFO","level_value":20000}
{"@timestamp":"2024-12-19T15:29:27.763+05:30","@version":"1","message":"Shutting down ...","logger_name":"com.netflix.eureka.DefaultEurekaServerContext","thread_name":"SpringApplicationShutdownHook","level":"INFO","level_value":20000}
{"@timestamp":"2024-12-19T15:29:27.763+05:30","@version":"1","message":"Shut down","logger_name":"com.netflix.eureka.DefaultEurekaServerContext","thread_name":"SpringApplicationShutdownHook","level":"INFO","level_value":20000}
{"@timestamp":"2024-12-19T15:29:27.763+05:30","@version":"1","message":"Cannot clean connections","logger_name":"com.netflix.discovery.shared.transport.jersey3.EurekaJersey3ClientImpl","thread_name":"Eureka-Jersey3Client-Conn-Cleaner2","level":"ERROR","level_value":40000,"stack_trace":"java.lang.IllegalStateException: Client instance has been closed.\r\n\tat org.glassfish.jersey.internal.guava.Preconditions.checkState(Preconditions.java:169)\r\n\tat org.glassfish.jersey.client.JerseyClient.checkNotClosed(JerseyClient.java:248)\r\n\tat org.glassfish.jersey.client.JerseyClient.getConfiguration(JerseyClient.java:363)\r\n\tat org.glassfish.jersey.client.JerseyClient.getConfiguration(JerseyClient.java:54)\r\n\tat com.netflix.discovery.shared.transport.jersey3.EurekaJersey3ClientImpl$ConnectionCleanerTask.run(EurekaJersey3ClientImpl.java:338)\r\n\tat java.base/java.util.concurrent.Executors$RunnableAdapter.call(Executors.java:539)\r\n\tat java.base/java.util.concurrent.FutureTask.run(FutureTask.java:264)\r\n\tat java.base/java.util.concurrent.ScheduledThreadPoolExecutor$ScheduledFutureTask.run(ScheduledThreadPoolExecutor.java:304)\r\n\tat java.base/java.util.concurrent.ThreadPoolExecutor.runWorker(ThreadPoolExecutor.java:1136)\r\n\tat java.base/java.util.concurrent.ThreadPoolExecutor$Worker.run(ThreadPoolExecutor.java:635)\r\n\tat java.base/java.lang.Thread.run(Thread.java:842)\r\n"}
{"@timestamp":"2024-12-19T15:29:27.763+05:30","@version":"1","message":"Shutting down DiscoveryClient ...","logger_name":"com.netflix.discovery.DiscoveryClient","thread_name":"SpringApplicationShutdownHook","level":"INFO","level_value":20000}
{"@timestamp":"2024-12-19T15:29:27.763+05:30","@version":"1","message":"Completed shut down of DiscoveryClient","logger_name":"com.netflix.discovery.DiscoveryClient","thread_name":"SpringApplicationShutdownHook","level":"INFO","level_value":20000}
